0 info it worked if it ends with ok
1 verbose cli [ '/Users/umandr1/.nvm/versions/node/v7.5.0/bin/node',
1 verbose cli   '/Users/umandr1/.nvm/versions/node/v7.5.0/bin/npm',
1 verbose cli   'run',
1 verbose cli   'deploy' ]
2 info using npm@4.1.2
3 info using node@v7.5.0
4 verbose run-script [ 'predeploy', 'deploy', 'postdeploy' ]
5 info lifecycle angular4-express-mysql@1.0.0~predeploy: angular4-express-mysql@1.0.0
6 silly lifecycle angular4-express-mysql@1.0.0~predeploy: no script for predeploy, continuing
7 info lifecycle angular4-express-mysql@1.0.0~deploy: angular4-express-mysql@1.0.0
8 verbose lifecycle angular4-express-mysql@1.0.0~deploy: unsafe-perm in lifecycle true
9 verbose lifecycle angular4-express-mysql@1.0.0~deploy: PATH: /Users/umandr1/.nvm/versions/node/v7.5.0/lib/node_modules/npm/bin/node-gyp-bin:/Applications/MAMP/htdocs/htdocsprojects/angular4-express-mysql-master/node_modules/.bin:/Users/umandr1/.nvm/versions/node/v7.5.0/bin:/usr/local/bin:/usr/bin:/bin:/usr/sbin:/sbin:/usr/local/munki:/Users/umandr1/Documents/softwares/apache-maven-3.5.2/bin
10 verbose lifecycle angular4-express-mysql@1.0.0~deploy: CWD: /Applications/MAMP/htdocs/htdocsprojects/angular4-express-mysql-master
11 silly lifecycle angular4-express-mysql@1.0.0~deploy: Args: [ '-c',
11 silly lifecycle   'concurrently --kill-others "gulp watch" "node ./dist/server/server.js"' ]
12 silly lifecycle angular4-express-mysql@1.0.0~deploy: Returned: code: 1  signal: null
13 info lifecycle angular4-express-mysql@1.0.0~deploy: Failed to exec deploy script
14 verbose stack Error: angular4-express-mysql@1.0.0 deploy: `concurrently --kill-others "gulp watch" "node ./dist/server/server.js"`
14 verbose stack Exit status 1
14 verbose stack     at EventEmitter.<anonymous> (/Users/umandr1/.nvm/versions/node/v7.5.0/lib/node_modules/npm/lib/utils/lifecycle.js:279:16)
14 verbose stack     at emitTwo (events.js:106:13)
14 verbose stack     at EventEmitter.emit (events.js:192:7)
14 verbose stack     at ChildProcess.<anonymous> (/Users/umandr1/.nvm/versions/node/v7.5.0/lib/node_modules/npm/lib/utils/spawn.js:40:14)
14 verbose stack     at emitTwo (events.js:106:13)
14 verbose stack     at ChildProcess.emit (events.js:192:7)
14 verbose stack     at maybeClose (internal/child_process.js:890:16)
14 verbose stack     at Process.ChildProcess._handle.onexit (internal/child_process.js:226:5)
15 verbose pkgid angular4-express-mysql@1.0.0
16 verbose cwd /Applications/MAMP/htdocs/htdocsprojects/angular4-express-mysql-master/server
17 error Darwin 16.7.0
18 error argv "/Users/umandr1/.nvm/versions/node/v7.5.0/bin/node" "/Users/umandr1/.nvm/versions/node/v7.5.0/bin/npm" "run" "deploy"
19 error node v7.5.0
20 error npm  v4.1.2
21 error code ELIFECYCLE
22 error angular4-express-mysql@1.0.0 deploy: `concurrently --kill-others "gulp watch" "node ./dist/server/server.js"`
22 error Exit status 1
23 error Failed at the angular4-express-mysql@1.0.0 deploy script 'concurrently --kill-others "gulp watch" "node ./dist/server/server.js"'.
23 error Make sure you have the latest version of node.js and npm installed.
23 error If you do, this is most likely a problem with the angular4-express-mysql package,
23 error not with npm itself.
23 error Tell the author that this fails on your system:
23 error     concurrently --kill-others "gulp watch" "node ./dist/server/server.js"
23 error You can get information on how to open an issue for this project with:
23 error     npm bugs angular4-express-mysql
23 error Or if that isn't available, you can get their info via:
23 error     npm owner ls angular4-express-mysql
23 error There is likely additional logging output above.
24 verbose exit [ 1, true ]
